Using pre-set license
Built from '2020.3/staging' branch; Version is '2020.3.11f1 (99c7afb366b3) revision 10078127'; Using compiler version '192528614'; Build Type 'Release'
OS: 'Windows 10 Home; OS build 19043.1288; Version 2009; 64bit' Language: 'es' Physical Memory: 15803 MB
BatchMode: 1, IsHumanControllingUs: 0, StartBugReporterOnCrash: 0, Is64bit: 1, IsPro: 0

 COMMAND LINE ARGUMENTS:
C:\Program Files\Unity\Hub\Editor\2020.3.11f1\Editor\Unity.exe
-adb2
-batchMode
-noUpm
-name
AssetImportWorker0
-projectPath
C:/Users/alito/Documents/GitHub/Far-Away/Far Away
-logFile
Logs/AssetImportWorker0.log
-srvPort
64278
Successfully changed project path to: C:/Users/alito/Documents/GitHub/Far-Away/Far Away
C:/Users/alito/Documents/GitHub/Far-Away/Far Away
Using Asset Import Pipeline V2.
Refreshing native plugins compatible for Editor in 67.71 ms, found 3 plugins.
Preloading 0 native plugins for Editor in 0.00 ms.
Initialize engine version: 2020.3.11f1 (99c7afb366b3)
[Subsystems] Discovering subsystems at path C:/Program Files/Unity/Hub/Editor/2020.3.11f1/Editor/Data/Resources/UnitySubsystems
[Subsystems] Discovering subsystems at path C:/Users/alito/Documents/GitHub/Far-Away/Far Away/Assets
GfxDevice: creating device client; threaded=0
Direct3D:
    Version:  Direct3D 11.0 [level 11.1]
    Renderer: NVIDIA GeForce RTX 2060 (ID=0x1f11)
    Vendor:   
    VRAM:     5980 MB
    Driver:   27.21.14.5763
Initialize mono
Mono path[0] = 'C:/Program Files/Unity/Hub/Editor/2020.3.11f1/Editor/Data/Managed'
Mono path[1] = 'C:/Program Files/Unity/Hub/Editor/2020.3.11f1/Editor/Data/MonoBleedingEdge/lib/mono/unityjit'
Mono config path = 'C:/Program Files/Unity/Hub/Editor/2020.3.11f1/Editor/Data/MonoBleedingEdge/etc'
Using monoOptions --debugger-agent=transport=dt_socket,embedding=1,server=y,suspend=n,address=127.0.0.1:56584
Begin MonoManager ReloadAssembly
Registering precompiled unity dll's ...
Register platform support module: C:/Program Files/Unity/Hub/Editor/2020.3.11f1/Editor/Data/PlaybackEngines/WebGLSupport/UnityEditor.WebGL.Extensions.dll
Register platform support module: C:/Program Files/Unity/Hub/Editor/2020.3.11f1/Editor/Data/PlaybackEngines/WindowsStandaloneSupport/UnityEditor.WindowsStandalone.Extensions.dll
Registered in 0.003800 seconds.
Native extension for WindowsStandalone target not found
Native extension for WebGL target not found
Refreshing native plugins compatible for Editor in 61.38 ms, found 3 plugins.
Preloading 0 native plugins for Editor in 0.00 ms.
Mono: successfully reloaded assembly
- Completed reload, in  2.323 seconds
Platform modules already initialized, skipping
Registering precompiled user dll's ...
Registered in 0.027313 seconds.
Begin MonoManager ReloadAssembly
Native extension for WindowsStandalone target not found
Native extension for WebGL target not found
Refreshing native plugins compatible for Editor in 53.18 ms, found 3 plugins.
Preloading 0 native plugins for Editor in 0.00 ms.
Mono: successfully reloaded assembly
- Completed reload, in  1.621 seconds
Platform modules already initialized, skipping
========================================================================
Worker process is ready to serve import requests
Launched and connected shader compiler UnityShaderCompiler.exe after 0.07 seconds
Refreshing native plugins compatible for Editor in 0.91 ms, found 3 plugins.
Preloading 0 native plugins for Editor in 0.00 ms.
Unloading 2095 Unused Serialized files (Serialized files now loaded: 0)
System memory in use before: 95.2 MB.
System memory in use after: 95.1 MB.

Unloading 33 unused Assets to reduce memory usage. Loaded Objects now: 2530.
Total: 3.607200 ms (FindLiveObjects: 0.347600 ms CreateObjectMapping: 0.064900 ms MarkObjects: 3.004800 ms  DeleteObjects: 0.188600 ms)

========================================================================
Received Import Request.
  path: Assets/Minijuego1/Scripts/Movimiento_piñones.cs
  artifactKey: Guid(59a8d72380727da478eb83bd3139c3c5) Importer(815301076,1909f56bfc062723c751e8b465ee728b)
Start importing Assets/Minijuego1/Scripts/Movimiento_piñones.cs using Guid(59a8d72380727da478eb83bd3139c3c5) Importer(815301076,1909f56bfc062723c751e8b465ee728b)  -> (artifact id: '42643a4e17f86510c18384ef94e34549') in 0.088663 seconds
  Import took 0.092508 seconds .

========================================================================
Received Prepare
Registering precompiled user dll's ...
Registered in 0.005754 seconds.
Begin MonoManager ReloadAssembly
Native extension for WindowsStandalone target not found
Native extension for WebGL target not found
Refreshing native plugins compatible for Editor in 0.67 ms, found 3 plugins.
Preloading 0 native plugins for Editor in 0.00 ms.
Mono: successfully reloaded assembly
- Completed reload, in  1.193 seconds
Platform modules already initialized, skipping
Refreshing native plugins compatible for Editor in 0.57 ms, found 3 plugins.
Preloading 0 native plugins for Editor in 0.00 ms.
Unloading 2077 Unused Serialized files (Serialized files now loaded: 0)
System memory in use before: 93.9 MB.
System memory in use after: 93.8 MB.

Unloading 21 unused Assets to reduce memory usage. Loaded Objects now: 2534.
Total: 3.336500 ms (FindLiveObjects: 0.261200 ms CreateObjectMapping: 0.066900 ms MarkObjects: 2.842000 ms  DeleteObjects: 0.164300 ms)

========================================================================
Received Import Request.
  Time since last request: 302.738765 seconds.
  path: Assets/Minijuego1/Scripts/Movimiento_piñones.cs
  artifactKey: Guid(59a8d72380727da478eb83bd3139c3c5) Importer(815301076,1909f56bfc062723c751e8b465ee728b)
Start importing Assets/Minijuego1/Scripts/Movimiento_piñones.cs using Guid(59a8d72380727da478eb83bd3139c3c5) Importer(815301076,1909f56bfc062723c751e8b465ee728b)  -> (artifact id: 'a8e54e00a49403922cab0998a795d67d') in 0.007052 seconds
  Import took 0.011158 seconds .

========================================================================
Received Prepare
Registering precompiled user dll's ...
Registered in 0.005027 seconds.
Begin MonoManager ReloadAssembly
Native extension for WindowsStandalone target not found
Native extension for WebGL target not found
Refreshing native plugins compatible for Editor in 0.74 ms, found 3 plugins.
Preloading 0 native plugins for Editor in 0.00 ms.
Mono: successfully reloaded assembly
- Completed reload, in  1.426 seconds
Platform modules already initialized, skipping
Refreshing native plugins compatible for Editor in 0.60 ms, found 3 plugins.
Preloading 0 native plugins for Editor in 0.00 ms.
Unloading 2077 Unused Serialized files (Serialized files now loaded: 0)
System memory in use before: 93.9 MB.
System memory in use after: 93.9 MB.

Unloading 21 unused Assets to reduce memory usage. Loaded Objects now: 2538.
Total: 3.287900 ms (FindLiveObjects: 0.264500 ms CreateObjectMapping: 0.067400 ms MarkObjects: 2.784900 ms  DeleteObjects: 0.169500 ms)

========================================================================
Received Import Request.
  Time since last request: 54.554722 seconds.
  path: Assets/Minijuego1/Scripts/Movimiento_piñones.cs
  artifactKey: Guid(59a8d72380727da478eb83bd3139c3c5) Importer(815301076,1909f56bfc062723c751e8b465ee728b)
Start importing Assets/Minijuego1/Scripts/Movimiento_piñones.cs using Guid(59a8d72380727da478eb83bd3139c3c5) Importer(815301076,1909f56bfc062723c751e8b465ee728b)  -> (artifact id: 'a4cac23bd99c2b2cfa9fc8a4b4d9d342') in 0.007471 seconds
  Import took 0.011594 seconds .

========================================================================
Received Import Request.
  Time since last request: 356.552619 seconds.
  path: Assets/Minijuego1/Audio/engranajes.mp3
  artifactKey: Guid(23624d8fa802636479018ffeaa26a26a) Importer(815301076,1909f56bfc062723c751e8b465ee728b)
Start importing Assets/Minijuego1/Audio/engranajes.mp3 using Guid(23624d8fa802636479018ffeaa26a26a) Importer(815301076,1909f56bfc062723c751e8b465ee728b)  -> (artifact id: '4b7d1fff8d826b6252a7b5584b12147a') in 0.126442 seconds
  Import took 0.130548 seconds .

========================================================================
Received Prepare
Registering precompiled user dll's ...
Registered in 0.006638 seconds.
Begin MonoManager ReloadAssembly
Native extension for WindowsStandalone target not found
Native extension for WebGL target not found
Refreshing native plugins compatible for Editor in 0.67 ms, found 3 plugins.
Preloading 0 native plugins for Editor in 0.00 ms.
Mono: successfully reloaded assembly
- Completed reload, in  1.207 seconds
Platform modules already initialized, skipping
Refreshing native plugins compatible for Editor in 0.79 ms, found 3 plugins.
Preloading 0 native plugins for Editor in 0.00 ms.
Unloading 2077 Unused Serialized files (Serialized files now loaded: 0)
System memory in use before: 96.9 MB.
System memory in use after: 96.9 MB.

Unloading 21 unused Assets to reduce memory usage. Loaded Objects now: 2551.
Total: 3.089000 ms (FindLiveObjects: 0.263000 ms CreateObjectMapping: 0.050200 ms MarkObjects: 2.611900 ms  DeleteObjects: 0.162400 ms)

========================================================================
Received Import Request.
  Time since last request: 642.327340 seconds.
  path: Assets/Minijuego1/Prefabs/piñon.prefab
  artifactKey: Guid(45678cd819642cf4da6e7fd4299219ef) Importer(815301076,1909f56bfc062723c751e8b465ee728b)
Start importing Assets/Minijuego1/Prefabs/piñon.prefab using Guid(45678cd819642cf4da6e7fd4299219ef) Importer(815301076,1909f56bfc062723c751e8b465ee728b)  -> (artifact id: '741d9b8bdb1e938d21437dc5d004b855') in 0.071944 seconds
  Import took 0.075918 seconds .

========================================================================
Received Import Request.
  Time since last request: 514.377033 seconds.
  path: Assets/Minijuego1/Prefabs/piñon.prefab
  artifactKey: Guid(45678cd819642cf4da6e7fd4299219ef) Importer(815301076,1909f56bfc062723c751e8b465ee728b)
Start importing Assets/Minijuego1/Prefabs/piñon.prefab using Guid(45678cd819642cf4da6e7fd4299219ef) Importer(815301076,1909f56bfc062723c751e8b465ee728b)  -> (artifact id: 'bfbc6893d63f6468372c77cf28f5449b') in 0.013734 seconds
  Import took 0.018454 seconds .

========================================================================
Received Import Request.
  Time since last request: 15.447954 seconds.
  path: Assets/Minijuego1/Prefabs/piñon.prefab
  artifactKey: Guid(45678cd819642cf4da6e7fd4299219ef) Importer(815301076,1909f56bfc062723c751e8b465ee728b)
Start importing Assets/Minijuego1/Prefabs/piñon.prefab using Guid(45678cd819642cf4da6e7fd4299219ef) Importer(815301076,1909f56bfc062723c751e8b465ee728b)  -> (artifact id: '7bbb0435af74efaca7ff7c17de5d1deb') in 0.012548 seconds
  Import took 0.016556 seconds .

========================================================================
Received Import Request.
  Time since last request: 26.835952 seconds.
  path: Assets/Minijuego1/Prefabs/piñon.prefab
  artifactKey: Guid(45678cd819642cf4da6e7fd4299219ef) Importer(815301076,1909f56bfc062723c751e8b465ee728b)
Start importing Assets/Minijuego1/Prefabs/piñon.prefab using Guid(45678cd819642cf4da6e7fd4299219ef) Importer(815301076,1909f56bfc062723c751e8b465ee728b)  -> (artifact id: 'da62d5324d159945d57ebffc9b19d517') in 0.013643 seconds
  Import took 0.018641 seconds .

AssetImportWorkerClient::OnTransportError - code=2 error=End of file
