Using pre-set license
Built from '2020.3/staging' branch; Version is '2020.3.11f1 (99c7afb366b3) revision 10078127'; Using compiler version '192528614'; Build Type 'Release'
OS: 'Windows 10 Home; OS build 19043.1348; Version 2009; 64bit' Language: 'es' Physical Memory: 16262 MB
BatchMode: 1, IsHumanControllingUs: 0, StartBugReporterOnCrash: 0, Is64bit: 1, IsPro: 0

 COMMAND LINE ARGUMENTS:
C:\Program Files\Unity\Hub\Editor\2020.3.11f1\Editor\Unity.exe
-adb2
-batchMode
-noUpm
-name
AssetImportWorker0
-projectPath
D:/DDVJ/Documents/ingSoft/Far-Away/Far Away
-logFile
Logs/AssetImportWorker0.log
-srvPort
59927
Successfully changed project path to: D:/DDVJ/Documents/ingSoft/Far-Away/Far Away
D:/DDVJ/Documents/ingSoft/Far-Away/Far Away
Using Asset Import Pipeline V2.
Refreshing native plugins compatible for Editor in 47.79 ms, found 3 plugins.
Preloading 0 native plugins for Editor in 0.00 ms.
Initialize engine version: 2020.3.11f1 (99c7afb366b3)
[Subsystems] Discovering subsystems at path C:/Program Files/Unity/Hub/Editor/2020.3.11f1/Editor/Data/Resources/UnitySubsystems
[Subsystems] Discovering subsystems at path D:/DDVJ/Documents/ingSoft/Far-Away/Far Away/Assets
GfxDevice: creating device client; threaded=0
Direct3D:
    Version:  Direct3D 11.0 [level 11.1]
    Renderer: NVIDIA GeForce GTX 1050 (ID=0x1c8d)
    Vendor:   
    VRAM:     4021 MB
    Driver:   27.21.14.6231
Initialize mono
Mono path[0] = 'C:/Program Files/Unity/Hub/Editor/2020.3.11f1/Editor/Data/Managed'
Mono path[1] = 'C:/Program Files/Unity/Hub/Editor/2020.3.11f1/Editor/Data/MonoBleedingEdge/lib/mono/unityjit'
Mono config path = 'C:/Program Files/Unity/Hub/Editor/2020.3.11f1/Editor/Data/MonoBleedingEdge/etc'
Using monoOptions --debugger-agent=transport=dt_socket,embedding=1,server=y,suspend=n,address=127.0.0.1:56240
Begin MonoManager ReloadAssembly
Registering precompiled unity dll's ...
Register platform support module: C:/Program Files/Unity/Hub/Editor/2020.3.11f1/Editor/Data/PlaybackEngines/WebGLSupport/UnityEditor.WebGL.Extensions.dll
Register platform support module: C:/Program Files/Unity/Hub/Editor/2020.3.11f1/Editor/Data/PlaybackEngines/WindowsStandaloneSupport/UnityEditor.WindowsStandalone.Extensions.dll
Registered in 0.002482 seconds.
Native extension for WindowsStandalone target not found
Native extension for WebGL target not found
Refreshing native plugins compatible for Editor in 50.55 ms, found 3 plugins.
Preloading 0 native plugins for Editor in 0.00 ms.
Mono: successfully reloaded assembly
- Completed reload, in  1.495 seconds
Platform modules already initialized, skipping
Registering precompiled user dll's ...
Registered in 0.004414 seconds.
Begin MonoManager ReloadAssembly
Native extension for WindowsStandalone target not found
Native extension for WebGL target not found
Refreshing native plugins compatible for Editor in 45.75 ms, found 3 plugins.
Preloading 0 native plugins for Editor in 0.00 ms.
Mono: successfully reloaded assembly
- Completed reload, in  1.106 seconds
Platform modules already initialized, skipping
========================================================================
Worker process is ready to serve import requests
Launched and connected shader compiler UnityShaderCompiler.exe after 0.05 seconds
Refreshing native plugins compatible for Editor in 0.65 ms, found 3 plugins.
Preloading 0 native plugins for Editor in 0.00 ms.
Unloading 2289 Unused Serialized files (Serialized files now loaded: 0)
System memory in use before: 101.3 MB.
System memory in use after: 101.5 MB.

Unloading 29 unused Assets to reduce memory usage. Loaded Objects now: 2731.
Total: 2.126500 ms (FindLiveObjects: 0.223700 ms CreateObjectMapping: 0.099300 ms MarkObjects: 1.699100 ms  DeleteObjects: 0.103600 ms)

========================================================================
Received Import Request.
  path: Assets/Scenes/Inicial.unity
  artifactKey: Guid(d611e9a7afecfe548b780a49becfeb5b) Importer(815301076,1909f56bfc062723c751e8b465ee728b)
Start importing Assets/Scenes/Inicial.unity using Guid(d611e9a7afecfe548b780a49becfeb5b) Importer(815301076,1909f56bfc062723c751e8b465ee728b)  -> (artifact id: 'e79560ce562d2c3390d26bfcfe8832f7') in 0.017925 seconds
  Import took 0.021557 seconds .

========================================================================
Received Import Request.
  Time since last request: 10.341693 seconds.
  path: Assets/Art/bordeFarAway.png
  artifactKey: Guid(39bc4c126184e4e4d9dbcd458ff0faf5) Importer(815301076,1909f56bfc062723c751e8b465ee728b)
Start importing Assets/Art/bordeFarAway.png using Guid(39bc4c126184e4e4d9dbcd458ff0faf5) Importer(815301076,1909f56bfc062723c751e8b465ee728b)  -> (artifact id: '8aeb9ee479518574b1799ef0899ac0c5') in 0.125529 seconds
  Import took 0.131885 seconds .

========================================================================
Received Import Request.
  Time since last request: 0.000339 seconds.
  path: Assets/Art/leavesAnimatoinMaterial.mat
  artifactKey: Guid(1de282006f9da5a48968376b149b381c) Importer(815301076,1909f56bfc062723c751e8b465ee728b)
Start importing Assets/Art/leavesAnimatoinMaterial.mat using Guid(1de282006f9da5a48968376b149b381c) Importer(815301076,1909f56bfc062723c751e8b465ee728b)  -> (artifact id: 'a641a92d53f7eb8c7d70c2eb13433739') in 0.152527 seconds
  Import took 0.156545 seconds .

========================================================================
Received Import Request.
  Time since last request: 0.000237 seconds.
  path: Assets/Art/trees.psb
  artifactKey: Guid(e60beb949b7925d4bbbfbcff16ce784e) Importer(815301076,1909f56bfc062723c751e8b465ee728b)
Start importing Assets/Art/trees.psb using Guid(e60beb949b7925d4bbbfbcff16ce784e) Importer(815301076,1909f56bfc062723c751e8b465ee728b)  -> (artifact id: 'f816853fa1d9a51067e4d9e520a7a91c') in 0.072039 seconds
  Import took 0.075708 seconds .

========================================================================
Received Import Request.
  Time since last request: 0.000264 seconds.
  path: Assets/Art/fondoPortada.png
  artifactKey: Guid(4d2c763065a2ab547b749e98cfa17dff) Importer(815301076,1909f56bfc062723c751e8b465ee728b)
Start importing Assets/Art/fondoPortada.png using Guid(4d2c763065a2ab547b749e98cfa17dff) Importer(815301076,1909f56bfc062723c751e8b465ee728b)  -> (artifact id: 'b54e661f2e125cfb40eb64f938220679') in 0.016720 seconds
  Import took 0.020389 seconds .

========================================================================
Received Import Request.
  Time since last request: 0.000413 seconds.
  path: Assets/Art/trees2.psb
  artifactKey: Guid(54f862bbaf8e337469fc2ba89edf2cca) Importer(815301076,1909f56bfc062723c751e8b465ee728b)
Start importing Assets/Art/trees2.psb using Guid(54f862bbaf8e337469fc2ba89edf2cca) Importer(815301076,1909f56bfc062723c751e8b465ee728b)  -> (artifact id: 'ae9b87f0a2166f68d04d6e17f4263f5b') in 0.054431 seconds
  Import took 0.059307 seconds .

========================================================================
Received Import Request.
  Time since last request: 0.000269 seconds.
  path: Assets/Art/hierba.png
  artifactKey: Guid(9108048382a2e084d909b91fe0bc5853) Importer(815301076,1909f56bfc062723c751e8b465ee728b)
Start importing Assets/Art/hierba.png using Guid(9108048382a2e084d909b91fe0bc5853) Importer(815301076,1909f56bfc062723c751e8b465ee728b)  -> (artifact id: 'b589390382b39199680f67e2fd12ed85') in 0.013616 seconds
  Import took 0.017511 seconds .

========================================================================
Received Import Request.
  Time since last request: 0.000269 seconds.
  path: Assets/Art/trees3.psb
  artifactKey: Guid(6b71504c9b793904aa3a829b5345d7cd) Importer(815301076,1909f56bfc062723c751e8b465ee728b)
Start importing Assets/Art/trees3.psb using Guid(6b71504c9b793904aa3a829b5345d7cd) Importer(815301076,1909f56bfc062723c751e8b465ee728b)  -> (artifact id: 'e6a3aa065ec911d8ce4b8f713891a963') in 0.069416 seconds
  Import took 0.073771 seconds .

========================================================================
Received Import Request.
  Time since last request: 0.000228 seconds.
  path: Assets/Art/trees4.psb
  artifactKey: Guid(549d8405b1f87e04597226e9769047ed) Importer(815301076,1909f56bfc062723c751e8b465ee728b)
Start importing Assets/Art/trees4.psb using Guid(549d8405b1f87e04597226e9769047ed) Importer(815301076,1909f56bfc062723c751e8b465ee728b)  -> (artifact id: '9109347480c01c69d06dfbc4ef90a57e') in 0.054544 seconds
  Import took 0.058980 seconds .

========================================================================
Received Import Request.
  Time since last request: 0.000206 seconds.
  path: Assets/Art/bordeFarAway.png
  artifactKey: Guid(39bc4c126184e4e4d9dbcd458ff0faf5) Importer(815301076,1909f56bfc062723c751e8b465ee728b)
Start importing Assets/Art/bordeFarAway.png using Guid(39bc4c126184e4e4d9dbcd458ff0faf5) Importer(815301076,1909f56bfc062723c751e8b465ee728b)  -> (artifact id: '8aeb9ee479518574b1799ef0899ac0c5') in 0.016612 seconds
  Import took 0.021222 seconds .

========================================================================
Received Import Request.
  Time since last request: 0.000284 seconds.
  path: Assets/Art/hojaspng.png
  artifactKey: Guid(cb34cc36e2f4dac4293732c4ae023ab0) Importer(815301076,1909f56bfc062723c751e8b465ee728b)
Start importing Assets/Art/hojaspng.png using Guid(cb34cc36e2f4dac4293732c4ae023ab0) Importer(815301076,1909f56bfc062723c751e8b465ee728b)  -> (artifact id: '37bec08ea87cd4b1fc421c53448dc8f2') in 0.015012 seconds
  Import took 0.020963 seconds .

========================================================================
Received Import Request.
  Time since last request: 1.402560 seconds.
  path: Assets/Art
  artifactKey: Guid(45a57816d9313314d80466901497edcb) Importer(815301076,1909f56bfc062723c751e8b465ee728b)
Start importing Assets/Art using Guid(45a57816d9313314d80466901497edcb) Importer(815301076,1909f56bfc062723c751e8b465ee728b)  -> (artifact id: '15d9cc00c7412c61b83023931d9fd508') in 0.007634 seconds
  Import took 0.011647 seconds .

========================================================================
Received Prepare
Registering precompiled user dll's ...
Registered in 0.002952 seconds.
Begin MonoManager ReloadAssembly
Native extension for WindowsStandalone target not found
Native extension for WebGL target not found
Refreshing native plugins compatible for Editor in 0.51 ms, found 3 plugins.
Preloading 0 native plugins for Editor in 0.00 ms.
Mono: successfully reloaded assembly
- Completed reload, in  1.000 seconds
Platform modules already initialized, skipping
Refreshing native plugins compatible for Editor in 0.67 ms, found 3 plugins.
Preloading 0 native plugins for Editor in 0.00 ms.
Unloading 2264 Unused Serialized files (Serialized files now loaded: 0)
System memory in use before: 103.0 MB.
System memory in use after: 103.2 MB.

Unloading 17 unused Assets to reduce memory usage. Loaded Objects now: 2806.
Total: 2.706900 ms (FindLiveObjects: 0.211100 ms CreateObjectMapping: 0.105800 ms MarkObjects: 2.371000 ms  DeleteObjects: 0.018000 ms)

========================================================================
Received Import Request.
  Time since last request: 11.976295 seconds.
  path: Assets/Art/Inicial
  artifactKey: Guid(fe9fdad2a01fd2f4cbe624e218f35d02) Importer(815301076,1909f56bfc062723c751e8b465ee728b)
Start importing Assets/Art/Inicial using Guid(fe9fdad2a01fd2f4cbe624e218f35d02) Importer(815301076,1909f56bfc062723c751e8b465ee728b)  -> (artifact id: '64acd86f8ad75a1651e3c81f034e2466') in 0.009545 seconds
  Import took 0.012882 seconds .

========================================================================
Received Import Request.
  Time since last request: 12.528050 seconds.
  path: Assets/Animations
  artifactKey: Guid(98794328e4c96934d9a6e50a1eb6f76c) Importer(815301076,1909f56bfc062723c751e8b465ee728b)
Start importing Assets/Animations using Guid(98794328e4c96934d9a6e50a1eb6f76c) Importer(815301076,1909f56bfc062723c751e8b465ee728b)  -> (artifact id: '68cea8f33fe21f990c0c91700eafe72e') in 0.006834 seconds
  Import took 0.011264 seconds .

========================================================================
Received Import Request.
  Time since last request: 12.278114 seconds.
  path: Assets/Animations/pantallaInicial
  artifactKey: Guid(a5e711a7419435d4486de1969c61e5b1) Importer(815301076,1909f56bfc062723c751e8b465ee728b)
Start importing Assets/Animations/pantallaInicial using Guid(a5e711a7419435d4486de1969c61e5b1) Importer(815301076,1909f56bfc062723c751e8b465ee728b)  -> (artifact id: '0a2641e487672873ebe0882aecde96a8') in 0.007444 seconds
  Import took 0.012574 seconds .

========================================================================
Received Import Request.
  Time since last request: 0.002201 seconds.
  path: Assets/Animations/pantallaInicial
  artifactKey: Guid(a5e711a7419435d4486de1969c61e5b1) Importer(815301076,1909f56bfc062723c751e8b465ee728b)
Start importing Assets/Animations/pantallaInicial using Guid(a5e711a7419435d4486de1969c61e5b1) Importer(815301076,1909f56bfc062723c751e8b465ee728b)  -> (artifact id: '0a2641e487672873ebe0882aecde96a8') in 0.003238 seconds
  Import took 0.008508 seconds .

========================================================================
Received Import Request.
  Time since last request: 6.571748 seconds.
  path: Assets/Animations/Player
  artifactKey: Guid(4c1acf25667180f4bb1282ee74dadbd6) Importer(815301076,1909f56bfc062723c751e8b465ee728b)
Start importing Assets/Animations/Player using Guid(4c1acf25667180f4bb1282ee74dadbd6) Importer(815301076,1909f56bfc062723c751e8b465ee728b)  -> (artifact id: 'bbab8d28f85609c7af377a00a6770174') in 0.007797 seconds
  Import took 0.011954 seconds .

========================================================================
Received Import Request.
  Time since last request: 2.551997 seconds.
  path: Assets/Animations/walkingRight.anim
  artifactKey: Guid(ce636b9889197ef4fbb9c3df79eea537) Importer(815301076,1909f56bfc062723c751e8b465ee728b)
Start importing Assets/Animations/walkingRight.anim using Guid(ce636b9889197ef4fbb9c3df79eea537) Importer(815301076,1909f56bfc062723c751e8b465ee728b)  -> (artifact id: 'd484c4cee1621bc1dcb034faf7b0878f') in 0.019431 seconds
  Import took 0.023592 seconds .

========================================================================
Received Import Request.
  Time since last request: 0.001839 seconds.
  path: Assets/Animations/walkingRight.anim
  artifactKey: Guid(ce636b9889197ef4fbb9c3df79eea537) Importer(815301076,1909f56bfc062723c751e8b465ee728b)
Start importing Assets/Animations/walkingRight.anim using Guid(ce636b9889197ef4fbb9c3df79eea537) Importer(815301076,1909f56bfc062723c751e8b465ee728b)  -> (artifact id: 'd484c4cee1621bc1dcb034faf7b0878f') in 0.003323 seconds
  Import took 0.008955 seconds .

========================================================================
Received Import Request.
  Time since last request: 56.543427 seconds.
  path: Assets/Audio/skyclad_sound_ambience_loop_sound_design_whistle_whine_shrill_high_swells_dips_whistle_distant_waiver_ghostly_eerie_cold_106.mp3
  artifactKey: Guid(abbba1c2d7e245c419577bb386800a90) Importer(815301076,1909f56bfc062723c751e8b465ee728b)
Start importing Assets/Audio/skyclad_sound_ambience_loop_sound_design_whistle_whine_shrill_high_swells_dips_whistle_distant_waiver_ghostly_eerie_cold_106.mp3 using Guid(abbba1c2d7e245c419577bb386800a90) Importer(815301076,1909f56bfc062723c751e8b465ee728b)  -> (artifact id: 'ee2676e32cf515a34ce5293b35d9fafd') in 0.052410 seconds
  Import took 0.057929 seconds .

========================================================================
Received Import Request.
  Time since last request: 0.000346 seconds.
  path: Assets/Audio/sound_spark_Flatwoods_Scrub_Rock_Springs_Nature_Forest_Slight_Wind_Loop_03.mp3
  artifactKey: Guid(99505fdb79b74fd45a8fc3e068e866e6) Importer(815301076,1909f56bfc062723c751e8b465ee728b)
Start importing Assets/Audio/sound_spark_Flatwoods_Scrub_Rock_Springs_Nature_Forest_Slight_Wind_Loop_03.mp3 using Guid(99505fdb79b74fd45a8fc3e068e866e6) Importer(815301076,1909f56bfc062723c751e8b465ee728b)  -> (artifact id: 'a92c1a8063d233651516a2865ebd748e') in 0.015221 seconds
  Import took 0.020074 seconds .

========================================================================
Received Import Request.
  Time since last request: 63.883575 seconds.
  path: Assets/Items/Movil.asset
  artifactKey: Guid(b716fe0c5ab4b174b84a778b8a426b47) Importer(815301076,1909f56bfc062723c751e8b465ee728b)
Start importing Assets/Items/Movil.asset using Guid(b716fe0c5ab4b174b84a778b8a426b47) Importer(815301076,1909f56bfc062723c751e8b465ee728b)  -> (artifact id: '27d83bdeb966d5598edd660f3ad0642d') in 0.043535 seconds
  Import took 0.054507 seconds .

========================================================================
Received Import Request.
  Time since last request: 0.000316 seconds.
  path: Assets/Items/Periodico.asset
  artifactKey: Guid(973d8e88330dd1a4f9863c306310f7ad) Importer(815301076,1909f56bfc062723c751e8b465ee728b)
Start importing Assets/Items/Periodico.asset using Guid(973d8e88330dd1a4f9863c306310f7ad) Importer(815301076,1909f56bfc062723c751e8b465ee728b)  -> (artifact id: '6a8d04a4df826b5c08388a293fdef90e') in 0.007125 seconds
  Import took 0.011067 seconds .

========================================================================
Received Prepare
Registering precompiled user dll's ...
Registered in 0.004364 seconds.
Begin MonoManager ReloadAssembly
Native extension for WindowsStandalone target not found
Native extension for WebGL target not found
Refreshing native plugins compatible for Editor in 0.45 ms, found 3 plugins.
Preloading 0 native plugins for Editor in 0.00 ms.
Mono: successfully reloaded assembly
- Completed reload, in  0.982 seconds
Platform modules already initialized, skipping
Refreshing native plugins compatible for Editor in 0.54 ms, found 3 plugins.
Preloading 0 native plugins for Editor in 0.00 ms.
Unloading 2264 Unused Serialized files (Serialized files now loaded: 0)
System memory in use before: 103.1 MB.
System memory in use after: 103.3 MB.

Unloading 17 unused Assets to reduce memory usage. Loaded Objects now: 2813.
Total: 2.241900 ms (FindLiveObjects: 0.209200 ms CreateObjectMapping: 0.094900 ms MarkObjects: 1.918500 ms  DeleteObjects: 0.018500 ms)

========================================================================
Received Import Request.
  Time since last request: 19.658469 seconds.
  path: Assets/Art/Objetos
  artifactKey: Guid(138275656e814c742908e9891dec27e0) Importer(815301076,1909f56bfc062723c751e8b465ee728b)
Start importing Assets/Art/Objetos using Guid(138275656e814c742908e9891dec27e0) Importer(815301076,1909f56bfc062723c751e8b465ee728b)  -> (artifact id: '15b9596c0c12c19b3ec9b620537dd57e') in 0.011371 seconds
  Import took 0.016088 seconds .

========================================================================
Received Import Request.
  Time since last request: 0.064068 seconds.
  path: Assets/Art/Objetos/CuadroLuz.png
  artifactKey: Guid(af76857290d73aa4281ccc420e24ad7a) Importer(815301076,1909f56bfc062723c751e8b465ee728b)
Start importing Assets/Art/Objetos/CuadroLuz.png using Guid(af76857290d73aa4281ccc420e24ad7a) Importer(815301076,1909f56bfc062723c751e8b465ee728b)  -> (artifact id: '67bafb04d1ac0da4ee5eec3f210c5f31') in 0.161977 seconds
  Import took 0.166592 seconds .

========================================================================
Received Import Request.
  Time since last request: 0.000277 seconds.
  path: Assets/Art/Objetos/Llave.png
  artifactKey: Guid(eb241d0d87d8f1f4896c69c60ddedcf1) Importer(815301076,1909f56bfc062723c751e8b465ee728b)
Start importing Assets/Art/Objetos/Llave.png using Guid(eb241d0d87d8f1f4896c69c60ddedcf1) Importer(815301076,1909f56bfc062723c751e8b465ee728b)  -> (artifact id: '1bffaa41fc41de55c3dc67d643787189') in 0.083869 seconds
  Import took 0.087417 seconds .

========================================================================
Received Import Request.
  Time since last request: 0.000294 seconds.
  path: Assets/Art/Objetos/Radio MINIJUEGO SIN ANTENAS.png
  artifactKey: Guid(5731522945d5ffb47aac3b38fdd7f5fc) Importer(815301076,1909f56bfc062723c751e8b465ee728b)
Start importing Assets/Art/Objetos/Radio MINIJUEGO SIN ANTENAS.png using Guid(5731522945d5ffb47aac3b38fdd7f5fc) Importer(815301076,1909f56bfc062723c751e8b465ee728b)  -> (artifact id: 'bfdb84cde7168f958b9b997d4b565417') in 0.050999 seconds
  Import took 0.054508 seconds .

========================================================================
Received Import Request.
  Time since last request: 0.000305 seconds.
  path: Assets/Art/Objetos/Movil.png
  artifactKey: Guid(78526e8607058104abd0009d4b3cf0b0) Importer(815301076,1909f56bfc062723c751e8b465ee728b)
Start importing Assets/Art/Objetos/Movil.png using Guid(78526e8607058104abd0009d4b3cf0b0) Importer(815301076,1909f56bfc062723c751e8b465ee728b)  -> (artifact id: '370b6e35ddfd4b29cbc007d9c0886d30') in 0.116892 seconds
  Import took 0.120880 seconds .

========================================================================
Received Import Request.
  Time since last request: 0.000357 seconds.
  path: Assets/Art/Objetos/parte1Nota.png
  artifactKey: Guid(f6219eddfebb07a43a8d3239bc6bbb80) Importer(815301076,1909f56bfc062723c751e8b465ee728b)
Start importing Assets/Art/Objetos/parte1Nota.png using Guid(f6219eddfebb07a43a8d3239bc6bbb80) Importer(815301076,1909f56bfc062723c751e8b465ee728b)  -> (artifact id: '636d36699949f6e07e6690a1d6c34800') in 0.077894 seconds
  Import took 0.082444 seconds .

========================================================================
Received Import Request.
  Time since last request: 0.000295 seconds.
  path: Assets/Art/Objetos/periodico.png
  artifactKey: Guid(48f93ccbbf0c9eb48916272cd0bec120) Importer(815301076,1909f56bfc062723c751e8b465ee728b)
Start importing Assets/Art/Objetos/periodico.png using Guid(48f93ccbbf0c9eb48916272cd0bec120) Importer(815301076,1909f56bfc062723c751e8b465ee728b)  -> (artifact id: '5889d3c2347b119e4eee89983ae35cb5') in 0.069862 seconds
  Import took 0.073433 seconds .

========================================================================
Received Import Request.
  Time since last request: 0.000353 seconds.
  path: Assets/Art/Objetos/LlaveIglesia.png
  artifactKey: Guid(678d3a0c0a4d43840ac7eb3811787de3) Importer(815301076,1909f56bfc062723c751e8b465ee728b)
Start importing Assets/Art/Objetos/LlaveIglesia.png using Guid(678d3a0c0a4d43840ac7eb3811787de3) Importer(815301076,1909f56bfc062723c751e8b465ee728b)  -> (artifact id: 'b52ef81e99c508ae39beb592af566aaf') in 0.090625 seconds
  Import took 0.094564 seconds .

========================================================================
Received Import Request.
  Time since last request: 3.401392 seconds.
  path: Assets/Art/ObjetosEscenas
  artifactKey: Guid(a082604ef9684e643910a738a1cc01a8) Importer(815301076,1909f56bfc062723c751e8b465ee728b)
Start importing Assets/Art/ObjetosEscenas using Guid(a082604ef9684e643910a738a1cc01a8) Importer(815301076,1909f56bfc062723c751e8b465ee728b)  -> (artifact id: '9e279a842d2cf1a2ac30183d98a4d100') in 0.007432 seconds
  Import took 0.011299 seconds .

========================================================================
Received Import Request.
  Time since last request: 93.179883 seconds.
  path: Assets/Scenes/Inicial 1.unity
  artifactKey: Guid(c8b9c09365e98614eb2c5705ba67a31d) Importer(815301076,1909f56bfc062723c751e8b465ee728b)
Start importing Assets/Scenes/Inicial 1.unity using Guid(c8b9c09365e98614eb2c5705ba67a31d) Importer(815301076,1909f56bfc062723c751e8b465ee728b)  -> (artifact id: '00dff817349bce9aa8dcb5dc15672f25') in 0.007913 seconds
  Import took 0.012649 seconds .

========================================================================
Received Import Request.
  Time since last request: 13.264733 seconds.
  path: Assets/Scenes/Inicial.unity
  artifactKey: Guid(d611e9a7afecfe548b780a49becfeb5b) Importer(815301076,1909f56bfc062723c751e8b465ee728b)
Start importing Assets/Scenes/Inicial.unity using Guid(d611e9a7afecfe548b780a49becfeb5b) Importer(815301076,1909f56bfc062723c751e8b465ee728b)  -> (artifact id: '2467f23da983ddf29d4a24eea108e168') in 0.003068 seconds
  Import took 0.008255 seconds .

========================================================================
Received Prepare
Registering precompiled user dll's ...
Registered in 0.005793 seconds.
Begin MonoManager ReloadAssembly
Native extension for WindowsStandalone target not found
Native extension for WebGL target not found
Refreshing native plugins compatible for Editor in 0.51 ms, found 3 plugins.
Preloading 0 native plugins for Editor in 0.00 ms.
Mono: successfully reloaded assembly
- Completed reload, in  0.988 seconds
Platform modules already initialized, skipping
Refreshing native plugins compatible for Editor in 0.57 ms, found 3 plugins.
Preloading 0 native plugins for Editor in 0.00 ms.
Unloading 2264 Unused Serialized files (Serialized files now loaded: 0)
System memory in use before: 103.1 MB.
System memory in use after: 103.3 MB.

Unloading 17 unused Assets to reduce memory usage. Loaded Objects now: 2819.
Total: 2.517700 ms (FindLiveObjects: 0.224200 ms CreateObjectMapping: 0.095600 ms MarkObjects: 2.180300 ms  DeleteObjects: 0.016700 ms)

========================================================================
Received Import Request.
  Time since last request: 7.258720 seconds.
  path: Assets/Scenes/Inicial.unity
  artifactKey: Guid(c8b9c09365e98614eb2c5705ba67a31d) Importer(815301076,1909f56bfc062723c751e8b465ee728b)
Start importing Assets/Scenes/Inicial.unity using Guid(c8b9c09365e98614eb2c5705ba67a31d) Importer(815301076,1909f56bfc062723c751e8b465ee728b)  -> (artifact id: '22c05f6969d92a5250052bf1e8529ee8') in 0.018940 seconds
  Import took 0.058030 seconds .

========================================================================
Received Import Request.
  Time since last request: 8.045047 seconds.
  path: Assets/Scenes/Inicio Juego/Escena_inicial.unity
  artifactKey: Guid(ce14fdb7fc420984293a3d5b60bff155) Importer(815301076,1909f56bfc062723c751e8b465ee728b)
Start importing Assets/Scenes/Inicio Juego/Escena_inicial.unity using Guid(ce14fdb7fc420984293a3d5b60bff155) Importer(815301076,1909f56bfc062723c751e8b465ee728b)  -> (artifact id: 'cde47f7909632c6a4291630558eaee35') in 0.010762 seconds
  Import took 0.016606 seconds .

========================================================================
Received Prepare
Registering precompiled user dll's ...
Registered in 0.003572 seconds.
Begin MonoManager ReloadAssembly
Native extension for WindowsStandalone target not found
Native extension for WebGL target not found
Refreshing native plugins compatible for Editor in 0.51 ms, found 3 plugins.
Preloading 0 native plugins for Editor in 0.00 ms.
Mono: successfully reloaded assembly
- Completed reload, in  1.014 seconds
Platform modules already initialized, skipping
Refreshing native plugins compatible for Editor in 0.61 ms, found 3 plugins.
Preloading 0 native plugins for Editor in 0.00 ms.
Unloading 2264 Unused Serialized files (Serialized files now loaded: 0)
System memory in use before: 103.1 MB.
System memory in use after: 103.4 MB.

Unloading 17 unused Assets to reduce memory usage. Loaded Objects now: 2823.
Total: 2.429600 ms (FindLiveObjects: 0.217300 ms CreateObjectMapping: 0.077500 ms MarkObjects: 2.118500 ms  DeleteObjects: 0.015400 ms)

========================================================================
Received Import Request.
  Time since last request: 37.051754 seconds.
  path: Assets/Scenes/Inicio Juego/Inicial.unity
  artifactKey: Guid(c8b9c09365e98614eb2c5705ba67a31d) Importer(815301076,1909f56bfc062723c751e8b465ee728b)
Start importing Assets/Scenes/Inicio Juego/Inicial.unity using Guid(c8b9c09365e98614eb2c5705ba67a31d) Importer(815301076,1909f56bfc062723c751e8b465ee728b)  -> (artifact id: '37dd4e5fbe9e308dbe8760ab7b91a052') in 0.017821 seconds
  Import took 0.022712 seconds .

========================================================================
Received Prepare
Registering precompiled user dll's ...
Registered in 0.002935 seconds.
Begin MonoManager ReloadAssembly
Native extension for WindowsStandalone target not found
Native extension for WebGL target not found
Refreshing native plugins compatible for Editor in 0.91 ms, found 3 plugins.
Preloading 0 native plugins for Editor in 0.00 ms.
Mono: successfully reloaded assembly
- Completed reload, in  1.011 seconds
Platform modules already initialized, skipping
Refreshing native plugins compatible for Editor in 0.64 ms, found 3 plugins.
Preloading 0 native plugins for Editor in 0.00 ms.
Unloading 2264 Unused Serialized files (Serialized files now loaded: 0)
System memory in use before: 103.1 MB.
System memory in use after: 103.3 MB.

Unloading 17 unused Assets to reduce memory usage. Loaded Objects now: 2827.
Total: 2.621100 ms (FindLiveObjects: 0.374800 ms CreateObjectMapping: 0.198100 ms MarkObjects: 2.029500 ms  DeleteObjects: 0.017700 ms)

========================================================================
Received Import Request.
  Time since last request: 44.947361 seconds.
  path: Assets/Scenes/Inicio Juego/Inicial.unity
  artifactKey: Guid(c8b9c09365e98614eb2c5705ba67a31d) Importer(815301076,1909f56bfc062723c751e8b465ee728b)
Start importing Assets/Scenes/Inicio Juego/Inicial.unity using Guid(c8b9c09365e98614eb2c5705ba67a31d) Importer(815301076,1909f56bfc062723c751e8b465ee728b)  -> (artifact id: 'ce15317e98bfeb80bfa7bc23b8714499') in 0.016332 seconds
  Import took 0.021808 seconds .

========================================================================
Received Import Request.
  Time since last request: 0.000387 seconds.
  path: Assets/Scenes/Inicio Juego/Inicial.unity
  artifactKey: Guid(c8b9c09365e98614eb2c5705ba67a31d) Importer(815301076,1909f56bfc062723c751e8b465ee728b)
Start importing Assets/Scenes/Inicio Juego/Inicial.unity using Guid(c8b9c09365e98614eb2c5705ba67a31d) Importer(815301076,1909f56bfc062723c751e8b465ee728b)  -> (artifact id: 'ce15317e98bfeb80bfa7bc23b8714499') in 0.002728 seconds
  Import took 0.007677 seconds .

========================================================================
Received Import Request.
  Time since last request: 10.993779 seconds.
  path: Assets/Scenes/Inicio Juego/Escena_Inicialv2.unity
  artifactKey: Guid(c8b9c09365e98614eb2c5705ba67a31d) Importer(815301076,1909f56bfc062723c751e8b465ee728b)
Start importing Assets/Scenes/Inicio Juego/Escena_Inicialv2.unity using Guid(c8b9c09365e98614eb2c5705ba67a31d) Importer(815301076,1909f56bfc062723c751e8b465ee728b)  -> (artifact id: '6f6a454eacd2058acf912bef81d4f174') in 0.007363 seconds
  Import took 0.012249 seconds .

========================================================================
Received Import Request.
  Time since last request: 30.205381 seconds.
  path: Assets/Scenes/Inicio Juego/Logo.unity
  artifactKey: Guid(dcccaa5ac7eaecf46a8d249da31f2a47) Importer(815301076,1909f56bfc062723c751e8b465ee728b)
Start importing Assets/Scenes/Inicio Juego/Logo.unity using Guid(dcccaa5ac7eaecf46a8d249da31f2a47) Importer(815301076,1909f56bfc062723c751e8b465ee728b)  -> (artifact id: '720390be052005b75e62415d03923d18') in 0.009086 seconds
  Import took 0.014958 seconds .

========================================================================
Received Prepare
Registering precompiled user dll's ...
Registered in 0.003044 seconds.
Begin MonoManager ReloadAssembly
Native extension for WindowsStandalone target not found
Native extension for WebGL target not found
Refreshing native plugins compatible for Editor in 0.57 ms, found 3 plugins.
Preloading 0 native plugins for Editor in 0.00 ms.
Mono: successfully reloaded assembly
- Completed reload, in  1.012 seconds
Platform modules already initialized, skipping
Refreshing native plugins compatible for Editor in 0.50 ms, found 3 plugins.
Preloading 0 native plugins for Editor in 0.00 ms.
Unloading 2264 Unused Serialized files (Serialized files now loaded: 0)
System memory in use before: 103.2 MB.
System memory in use after: 103.4 MB.

Unloading 17 unused Assets to reduce memory usage. Loaded Objects now: 2831.
Total: 2.422400 ms (FindLiveObjects: 0.262000 ms CreateObjectMapping: 0.097200 ms MarkObjects: 2.025700 ms  DeleteObjects: 0.036400 ms)

========================================================================
Received Prepare
Registering precompiled user dll's ...
Registered in 0.004115 seconds.
Begin MonoManager ReloadAssembly
Native extension for WindowsStandalone target not found
Native extension for WebGL target not found
Refreshing native plugins compatible for Editor in 0.71 ms, found 3 plugins.
Preloading 0 native plugins for Editor in 0.00 ms.
Mono: successfully reloaded assembly
- Completed reload, in  1.154 seconds
Platform modules already initialized, skipping
Refreshing native plugins compatible for Editor in 0.57 ms, found 3 plugins.
Preloading 0 native plugins for Editor in 0.00 ms.
Unloading 2264 Unused Serialized files (Serialized files now loaded: 0)
System memory in use before: 103.2 MB.
System memory in use after: 103.4 MB.

Unloading 17 unused Assets to reduce memory usage. Loaded Objects now: 2835.
Total: 2.759100 ms (FindLiveObjects: 0.285500 ms CreateObjectMapping: 0.082700 ms MarkObjects: 2.352500 ms  DeleteObjects: 0.037500 ms)

========================================================================
Received Import Request.
  Time since last request: 128.675053 seconds.
  path: Assets/Scenes/Niveles/Nivel2Exterior.unity
  artifactKey: Guid(a8eafbf046f5c5643b81f449637dbea1) Importer(815301076,1909f56bfc062723c751e8b465ee728b)
Start importing Assets/Scenes/Niveles/Nivel2Exterior.unity using Guid(a8eafbf046f5c5643b81f449637dbea1) Importer(815301076,1909f56bfc062723c751e8b465ee728b)  -> (artifact id: '8d23c35e3d7005e39a02924919bfffad') in 0.018405 seconds
  Import took 0.022795 seconds .

========================================================================
Received Import Request.
  Time since last request: 31.568104 seconds.
  path: Assets/Scenes/Edificios Pueblo/Capilla.unity
  artifactKey: Guid(0827bf072e1daea47b6a0221feb2f160) Importer(815301076,1909f56bfc062723c751e8b465ee728b)
Start importing Assets/Scenes/Edificios Pueblo/Capilla.unity using Guid(0827bf072e1daea47b6a0221feb2f160) Importer(815301076,1909f56bfc062723c751e8b465ee728b)  -> (artifact id: '0ed48df509c846d4ee591069e3817f5c') in 0.009414 seconds
  Import took 0.013877 seconds .

========================================================================
Received Prepare
Registering precompiled user dll's ...
Registered in 0.003213 seconds.
Begin MonoManager ReloadAssembly
Native extension for WindowsStandalone target not found
Native extension for WebGL target not found
Refreshing native plugins compatible for Editor in 0.64 ms, found 3 plugins.
Preloading 0 native plugins for Editor in 0.00 ms.
Mono: successfully reloaded assembly
- Completed reload, in  0.982 seconds
Platform modules already initialized, skipping
Refreshing native plugins compatible for Editor in 0.60 ms, found 3 plugins.
Preloading 0 native plugins for Editor in 0.00 ms.
Unloading 2264 Unused Serialized files (Serialized files now loaded: 0)
System memory in use before: 103.2 MB.
System memory in use after: 103.4 MB.

Unloading 17 unused Assets to reduce memory usage. Loaded Objects now: 2839.
Total: 2.633600 ms (FindLiveObjects: 0.267100 ms CreateObjectMapping: 0.106100 ms MarkObjects: 2.242200 ms  DeleteObjects: 0.017400 ms)

========================================================================
Received Import Request.
  Time since last request: 64.583870 seconds.
  path: Assets/Scripts/MinijuegoPeriódico
  artifactKey: Guid(b181de211d54b374aaa2a826163f6cb0) Importer(815301076,1909f56bfc062723c751e8b465ee728b)
Start importing Assets/Scripts/MinijuegoPeriódico using Guid(b181de211d54b374aaa2a826163f6cb0) Importer(815301076,1909f56bfc062723c751e8b465ee728b)  -> (artifact id: '02107a1371cbccf04c40e6e676d87f8c') in 0.012087 seconds
  Import took 0.016837 seconds .

========================================================================
Received Import Request.
  Time since last request: 2.077326 seconds.
  path: Assets/Scripts/MinijuegoTablones
  artifactKey: Guid(0ad102ef5089a5a48b984173c8da6615) Importer(815301076,1909f56bfc062723c751e8b465ee728b)
Start importing Assets/Scripts/MinijuegoTablones using Guid(0ad102ef5089a5a48b984173c8da6615) Importer(815301076,1909f56bfc062723c751e8b465ee728b)  -> (artifact id: '65150534e7591ba85f45f959460f20c2') in 0.011604 seconds
  Import took 0.017666 seconds .

========================================================================
Received Import Request.
  Time since last request: 1.297515 seconds.
  path: Assets/Scripts/MinijuMovil
  artifactKey: Guid(d4a3c38a264ab8b4497c87adfb46fb33) Importer(815301076,1909f56bfc062723c751e8b465ee728b)
Start importing Assets/Scripts/MinijuMovil using Guid(d4a3c38a264ab8b4497c87adfb46fb33) Importer(815301076,1909f56bfc062723c751e8b465ee728b)  -> (artifact id: '3ec55c66ce408347a2eb71ea4c941583') in 1.552272 seconds
  Import took 1.558601 seconds .

========================================================================
Received Import Request.
  Time since last request: 0.218874 seconds.
  path: Assets/Scripts/MinijuMovil/EncontrarSeñal.cs
  artifactKey: Guid(73e0465e404394e4285dd96ee87a898a) Importer(815301076,1909f56bfc062723c751e8b465ee728b)
Start importing Assets/Scripts/MinijuMovil/EncontrarSeñal.cs using Guid(73e0465e404394e4285dd96ee87a898a) Importer(815301076,1909f56bfc062723c751e8b465ee728b)  -> (artifact id: '0868bcff3cc3ebbd8777332613b83f19') in 0.010246 seconds
  Import took 0.017544 seconds .

========================================================================
Received Import Request.
  Time since last request: 0.003573 seconds.
  path: Assets/Scripts/MinijuMovil/EncontrarSeñal.cs
  artifactKey: Guid(73e0465e404394e4285dd96ee87a898a) Importer(815301076,1909f56bfc062723c751e8b465ee728b)
Start importing Assets/Scripts/MinijuMovil/EncontrarSeñal.cs using Guid(73e0465e404394e4285dd96ee87a898a) Importer(815301076,1909f56bfc062723c751e8b465ee728b)  -> (artifact id: '0868bcff3cc3ebbd8777332613b83f19') in 0.002888 seconds
  Import took 0.009204 seconds .

========================================================================
Received Import Request.
  Time since last request: 76.654400 seconds.
  path: Assets/Scripts/MinijuMovil/MoverMovil.cs
  artifactKey: Guid(c90a577ef4c1db74b85f9f9fc7a7a678) Importer(815301076,1909f56bfc062723c751e8b465ee728b)
Start importing Assets/Scripts/MinijuMovil/MoverMovil.cs using Guid(c90a577ef4c1db74b85f9f9fc7a7a678) Importer(815301076,1909f56bfc062723c751e8b465ee728b)  -> (artifact id: '85c912972a28e76560ace202801972e0') in 0.006943 seconds
  Import took 0.012188 seconds .

========================================================================
Received Import Request.
  Time since last request: 0.000569 seconds.
  path: Assets/Scripts/MinijuMovil/MoverMovil.cs
  artifactKey: Guid(c90a577ef4c1db74b85f9f9fc7a7a678) Importer(815301076,1909f56bfc062723c751e8b465ee728b)
Start importing Assets/Scripts/MinijuMovil/MoverMovil.cs using Guid(c90a577ef4c1db74b85f9f9fc7a7a678) Importer(815301076,1909f56bfc062723c751e8b465ee728b)  -> (artifact id: '85c912972a28e76560ace202801972e0') in 0.002782 seconds
  Import took 0.008374 seconds .

========================================================================
Received Import Request.
  Time since last request: 97.180485 seconds.
  path: Assets/Scenes/Niveles/Nivel2Exterior.unity
  artifactKey: Guid(a8eafbf046f5c5643b81f449637dbea1) Importer(815301076,1909f56bfc062723c751e8b465ee728b)
Start importing Assets/Scenes/Niveles/Nivel2Exterior.unity using Guid(a8eafbf046f5c5643b81f449637dbea1) Importer(815301076,1909f56bfc062723c751e8b465ee728b)  -> (artifact id: '82798b6ff9bbbd2a33195656b3206487') in 0.016765 seconds
  Import took 0.022119 seconds .

========================================================================
Received Import Request.
  Time since last request: 0.000591 seconds.
  path: Assets/Scenes/Niveles/Nivel2Exterior.unity
  artifactKey: Guid(a8eafbf046f5c5643b81f449637dbea1) Importer(815301076,1909f56bfc062723c751e8b465ee728b)
Start importing Assets/Scenes/Niveles/Nivel2Exterior.unity using Guid(a8eafbf046f5c5643b81f449637dbea1) Importer(815301076,1909f56bfc062723c751e8b465ee728b)  -> (artifact id: '82798b6ff9bbbd2a33195656b3206487') in 0.002406 seconds
  Import took 0.007918 seconds .

========================================================================
Received Prepare
Registering precompiled user dll's ...
Registered in 0.004944 seconds.
Begin MonoManager ReloadAssembly
Native extension for WindowsStandalone target not found
Native extension for WebGL target not found
Refreshing native plugins compatible for Editor in 0.62 ms, found 3 plugins.
Preloading 0 native plugins for Editor in 0.00 ms.
Mono: successfully reloaded assembly
- Completed reload, in  1.336 seconds
Platform modules already initialized, skipping
Refreshing native plugins compatible for Editor in 0.76 ms, found 3 plugins.
Preloading 0 native plugins for Editor in 0.00 ms.
Unloading 2264 Unused Serialized files (Serialized files now loaded: 0)
System memory in use before: 103.2 MB.
System memory in use after: 103.5 MB.

Unloading 17 unused Assets to reduce memory usage. Loaded Objects now: 2843.
Total: 2.993500 ms (FindLiveObjects: 0.255400 ms CreateObjectMapping: 0.096800 ms MarkObjects: 2.591300 ms  DeleteObjects: 0.048600 ms)

========================================================================
Received Prepare
Registering precompiled user dll's ...
Registered in 0.003182 seconds.
Begin MonoManager ReloadAssembly
Native extension for WindowsStandalone target not found
Native extension for WebGL target not found
Refreshing native plugins compatible for Editor in 0.68 ms, found 3 plugins.
Preloading 0 native plugins for Editor in 0.00 ms.
Mono: successfully reloaded assembly
- Completed reload, in  1.066 seconds
Platform modules already initialized, skipping
Refreshing native plugins compatible for Editor in 0.58 ms, found 3 plugins.
Preloading 0 native plugins for Editor in 0.00 ms.
Unloading 2264 Unused Serialized files (Serialized files now loaded: 0)
System memory in use before: 103.2 MB.
System memory in use after: 103.4 MB.

Unloading 17 unused Assets to reduce memory usage. Loaded Objects now: 2847.
Total: 2.220000 ms (FindLiveObjects: 0.208200 ms CreateObjectMapping: 0.091700 ms MarkObjects: 1.903300 ms  DeleteObjects: 0.015700 ms)

========================================================================
Received Prepare
Registering precompiled user dll's ...
Registered in 0.005748 seconds.
Begin MonoManager ReloadAssembly
Native extension for WindowsStandalone target not found
Native extension for WebGL target not found
Refreshing native plugins compatible for Editor in 0.72 ms, found 3 plugins.
Preloading 0 native plugins for Editor in 0.00 ms.
Mono: successfully reloaded assembly
- Completed reload, in  1.102 seconds
Platform modules already initialized, skipping
Refreshing native plugins compatible for Editor in 0.56 ms, found 3 plugins.
Preloading 0 native plugins for Editor in 0.00 ms.
Unloading 2264 Unused Serialized files (Serialized files now loaded: 0)
System memory in use before: 103.3 MB.
System memory in use after: 103.5 MB.

Unloading 17 unused Assets to reduce memory usage. Loaded Objects now: 2851.
Total: 2.779400 ms (FindLiveObjects: 0.281800 ms CreateObjectMapping: 0.092100 ms MarkObjects: 2.387000 ms  DeleteObjects: 0.017600 ms)

========================================================================
Received Import Request.
  Time since last request: 1036.521327 seconds.
  path: Assets/cutsceneTriggerController.cs
  artifactKey: Guid(7f65a2a74ef2c0e4a8ddb77f47059b93) Importer(815301076,1909f56bfc062723c751e8b465ee728b)
Start importing Assets/cutsceneTriggerController.cs using Guid(7f65a2a74ef2c0e4a8ddb77f47059b93) Importer(815301076,1909f56bfc062723c751e8b465ee728b)  -> (artifact id: 'af5030f3f7a3070837ede2827427ca9a') in 0.013283 seconds
  Import took 0.018562 seconds .

========================================================================
Received Import Request.
  Time since last request: 0.001072 seconds.
  path: Assets/cutsceneTriggerController.cs
  artifactKey: Guid(7f65a2a74ef2c0e4a8ddb77f47059b93) Importer(815301076,1909f56bfc062723c751e8b465ee728b)
Start importing Assets/cutsceneTriggerController.cs using Guid(7f65a2a74ef2c0e4a8ddb77f47059b93) Importer(815301076,1909f56bfc062723c751e8b465ee728b)  -> (artifact id: 'af5030f3f7a3070837ede2827427ca9a') in 0.002617 seconds
  Import took 0.008273 seconds .

========================================================================
Received Import Request.
  Time since last request: 0.899441 seconds.
  path: Assets/instructionController.cs
  artifactKey: Guid(0bc2a068569289447bd42a816858e753) Importer(815301076,1909f56bfc062723c751e8b465ee728b)
Start importing Assets/instructionController.cs using Guid(0bc2a068569289447bd42a816858e753) Importer(815301076,1909f56bfc062723c751e8b465ee728b)  -> (artifact id: '21ba50015a40f9545e12ea7a52f6d8e1') in 0.006274 seconds
  Import took 0.011880 seconds .

========================================================================
Received Import Request.
  Time since last request: 28.769031 seconds.
  path: Assets/Scripts/TimelineController.cs
  artifactKey: Guid(8dfc3d6d93468f74c93c639d346c9035) Importer(815301076,1909f56bfc062723c751e8b465ee728b)
Start importing Assets/Scripts/TimelineController.cs using Guid(8dfc3d6d93468f74c93c639d346c9035) Importer(815301076,1909f56bfc062723c751e8b465ee728b)  -> (artifact id: 'd91154c72e933c4355947fa3285c959f') in 0.007366 seconds
  Import took 0.012242 seconds .

========================================================================
Received Import Request.
  Time since last request: 36.375653 seconds.
  path: Assets/Scripts/CutsceneTriggerController.cs
  artifactKey: Guid(7f65a2a74ef2c0e4a8ddb77f47059b93) Importer(815301076,1909f56bfc062723c751e8b465ee728b)
Start importing Assets/Scripts/CutsceneTriggerController.cs using Guid(7f65a2a74ef2c0e4a8ddb77f47059b93) Importer(815301076,1909f56bfc062723c751e8b465ee728b)  -> (artifact id: '3e9875fb152ad44d3e406ed78e39d1a4') in 0.007797 seconds
  Import took 0.012849 seconds .

========================================================================
Received Import Request.
  Time since last request: 62.714329 seconds.
  path: Assets/Scripts/CutsceneTriggerController.cs
  artifactKey: Guid(7f65a2a74ef2c0e4a8ddb77f47059b93) Importer(815301076,1909f56bfc062723c751e8b465ee728b)
Start importing Assets/Scripts/CutsceneTriggerController.cs using Guid(7f65a2a74ef2c0e4a8ddb77f47059b93) Importer(815301076,1909f56bfc062723c751e8b465ee728b)  -> (artifact id: '2f58efecb7113f6cc73976add2e6a107') in 0.002122 seconds
  Import took 0.006401 seconds .

========================================================================
Received Import Request.
  Time since last request: 14.235163 seconds.
  path: Assets/Scripts/CutsceneTriggerController.cs
  artifactKey: Guid(7f65a2a74ef2c0e4a8ddb77f47059b93) Importer(815301076,1909f56bfc062723c751e8b465ee728b)
Start importing Assets/Scripts/CutsceneTriggerController.cs using Guid(7f65a2a74ef2c0e4a8ddb77f47059b93) Importer(815301076,1909f56bfc062723c751e8b465ee728b)  -> (artifact id: '68787a2b427bf3932bd534599fd53b11') in 0.002455 seconds
  Import took 0.006671 seconds .

========================================================================
Received Import Request.
  Time since last request: 135.945861 seconds.
  path: Assets/CutsceneTriggerController.cs
  artifactKey: Guid(1ee03f4c43dea9344b04d7f2d578d752) Importer(815301076,1909f56bfc062723c751e8b465ee728b)
Start importing Assets/CutsceneTriggerController.cs using Guid(1ee03f4c43dea9344b04d7f2d578d752) Importer(815301076,1909f56bfc062723c751e8b465ee728b)  -> (artifact id: '74d2970f23e2ea7e0ed7313ede8d1ea5') in 0.002723 seconds
  Import took 0.007596 seconds .

========================================================================
Received Import Request.
  Time since last request: 55.911806 seconds.
  path: Assets/Scripts/CutsceneTriggerController.cs
  artifactKey: Guid(1ee03f4c43dea9344b04d7f2d578d752) Importer(815301076,1909f56bfc062723c751e8b465ee728b)
Start importing Assets/Scripts/CutsceneTriggerController.cs using Guid(1ee03f4c43dea9344b04d7f2d578d752) Importer(815301076,1909f56bfc062723c751e8b465ee728b)  -> (artifact id: '5c9e671c279fe5c48a8e0619a4ad6d49') in 0.002362 seconds
  Import took 0.007260 seconds .

========================================================================
Received Prepare
Registering precompiled user dll's ...
Registered in 0.004516 seconds.
Begin MonoManager ReloadAssembly
Native extension for WindowsStandalone target not found
Native extension for WebGL target not found
Refreshing native plugins compatible for Editor in 0.54 ms, found 3 plugins.
Preloading 0 native plugins for Editor in 0.00 ms.
Mono: successfully reloaded assembly
- Completed reload, in  1.064 seconds
Platform modules already initialized, skipping
Refreshing native plugins compatible for Editor in 0.49 ms, found 3 plugins.
Preloading 0 native plugins for Editor in 0.00 ms.
Unloading 2265 Unused Serialized files (Serialized files now loaded: 0)
System memory in use before: 103.3 MB.
System memory in use after: 103.5 MB.

Unloading 17 unused Assets to reduce memory usage. Loaded Objects now: 2856.
Total: 2.543100 ms (FindLiveObjects: 0.241500 ms CreateObjectMapping: 0.103000 ms MarkObjects: 2.179600 ms  DeleteObjects: 0.017900 ms)

========================================================================
Received Import Request.
  Time since last request: 430.336559 seconds.
  path: Assets/Scenes/Niveles/Nivel2Exterior.unity
  artifactKey: Guid(a8eafbf046f5c5643b81f449637dbea1) Importer(815301076,1909f56bfc062723c751e8b465ee728b)
Start importing Assets/Scenes/Niveles/Nivel2Exterior.unity using Guid(a8eafbf046f5c5643b81f449637dbea1) Importer(815301076,1909f56bfc062723c751e8b465ee728b)  -> (artifact id: '3fec19f05979cbe1a3810f15c9d4d121') in 0.017595 seconds
  Import took 0.021814 seconds .

========================================================================
Received Prepare
Registering precompiled user dll's ...
Registered in 0.003645 seconds.
Begin MonoManager ReloadAssembly
Native extension for WindowsStandalone target not found
Native extension for WebGL target not found
Refreshing native plugins compatible for Editor in 0.89 ms, found 3 plugins.
Preloading 0 native plugins for Editor in 0.00 ms.
Mono: successfully reloaded assembly
- Completed reload, in  1.301 seconds
Platform modules already initialized, skipping
Refreshing native plugins compatible for Editor in 0.51 ms, found 3 plugins.
Preloading 0 native plugins for Editor in 0.00 ms.
Unloading 2265 Unused Serialized files (Serialized files now loaded: 0)
System memory in use before: 103.3 MB.
System memory in use after: 103.5 MB.

Unloading 17 unused Assets to reduce memory usage. Loaded Objects now: 2860.
Total: 2.351400 ms (FindLiveObjects: 0.248800 ms CreateObjectMapping: 0.118400 ms MarkObjects: 1.963800 ms  DeleteObjects: 0.019200 ms)

========================================================================
Received Prepare
Registering precompiled user dll's ...
Registered in 0.004404 seconds.
Begin MonoManager ReloadAssembly
Native extension for WindowsStandalone target not found
Native extension for WebGL target not found
Refreshing native plugins compatible for Editor in 0.61 ms, found 3 plugins.
Preloading 0 native plugins for Editor in 0.00 ms.
Mono: successfully reloaded assembly
- Completed reload, in  1.088 seconds
Platform modules already initialized, skipping
Refreshing native plugins compatible for Editor in 0.49 ms, found 3 plugins.
Preloading 0 native plugins for Editor in 0.00 ms.
Unloading 2265 Unused Serialized files (Serialized files now loaded: 0)
System memory in use before: 103.3 MB.
System memory in use after: 103.5 MB.

Unloading 17 unused Assets to reduce memory usage. Loaded Objects now: 2864.
Total: 2.594300 ms (FindLiveObjects: 0.226600 ms CreateObjectMapping: 0.084500 ms MarkObjects: 2.249200 ms  DeleteObjects: 0.033100 ms)

========================================================================
Received Prepare
Registering precompiled user dll's ...
Registered in 0.002790 seconds.
Begin MonoManager ReloadAssembly
Native extension for WindowsStandalone target not found
Native extension for WebGL target not found
Refreshing native plugins compatible for Editor in 0.52 ms, found 3 plugins.
Preloading 0 native plugins for Editor in 0.00 ms.
Mono: successfully reloaded assembly
- Completed reload, in  1.044 seconds
Platform modules already initialized, skipping
Refreshing native plugins compatible for Editor in 0.50 ms, found 3 plugins.
Preloading 0 native plugins for Editor in 0.00 ms.
Unloading 2265 Unused Serialized files (Serialized files now loaded: 0)
System memory in use before: 103.2 MB.
System memory in use after: 103.4 MB.

Unloading 17 unused Assets to reduce memory usage. Loaded Objects now: 2868.
Total: 2.421100 ms (FindLiveObjects: 0.239200 ms CreateObjectMapping: 0.091800 ms MarkObjects: 2.072900 ms  DeleteObjects: 0.016400 ms)

========================================================================
Received Prepare
Registering precompiled user dll's ...
Registered in 0.004989 seconds.
Begin MonoManager ReloadAssembly
Native extension for WindowsStandalone target not found
Native extension for WebGL target not found
Refreshing native plugins compatible for Editor in 0.81 ms, found 3 plugins.
Preloading 0 native plugins for Editor in 0.00 ms.
Mono: successfully reloaded assembly
- Completed reload, in  1.058 seconds
Platform modules already initialized, skipping
Refreshing native plugins compatible for Editor in 0.69 ms, found 3 plugins.
Preloading 0 native plugins for Editor in 0.00 ms.
Unloading 2265 Unused Serialized files (Serialized files now loaded: 0)
System memory in use before: 103.3 MB.
System memory in use after: 103.5 MB.

Unloading 17 unused Assets to reduce memory usage. Loaded Objects now: 2872.
Total: 2.853200 ms (FindLiveObjects: 0.265400 ms CreateObjectMapping: 0.172400 ms MarkObjects: 2.396200 ms  DeleteObjects: 0.018500 ms)

========================================================================
Received Prepare
Registering precompiled user dll's ...
Registered in 0.005915 seconds.
Begin MonoManager ReloadAssembly
Native extension for WindowsStandalone target not found
Native extension for WebGL target not found
Refreshing native plugins compatible for Editor in 0.53 ms, found 3 plugins.
Preloading 0 native plugins for Editor in 0.00 ms.
Mono: successfully reloaded assembly
- Completed reload, in  1.158 seconds
Platform modules already initialized, skipping
Refreshing native plugins compatible for Editor in 0.51 ms, found 3 plugins.
Preloading 0 native plugins for Editor in 0.00 ms.
Unloading 2265 Unused Serialized files (Serialized files now loaded: 0)
System memory in use before: 103.3 MB.
System memory in use after: 103.6 MB.

Unloading 17 unused Assets to reduce memory usage. Loaded Objects now: 2876.
Total: 3.211700 ms (FindLiveObjects: 0.236900 ms CreateObjectMapping: 0.109800 ms MarkObjects: 2.803200 ms  DeleteObjects: 0.060700 ms)

========================================================================
Received Prepare
Registering precompiled user dll's ...
Registered in 0.005665 seconds.
Begin MonoManager ReloadAssembly
Native extension for WindowsStandalone target not found
Native extension for WebGL target not found
Refreshing native plugins compatible for Editor in 0.60 ms, found 3 plugins.
Preloading 0 native plugins for Editor in 0.00 ms.
Mono: successfully reloaded assembly
- Completed reload, in  1.078 seconds
Platform modules already initialized, skipping
Refreshing native plugins compatible for Editor in 0.58 ms, found 3 plugins.
Preloading 0 native plugins for Editor in 0.00 ms.
Unloading 2265 Unused Serialized files (Serialized files now loaded: 0)
System memory in use before: 103.3 MB.
System memory in use after: 103.6 MB.

Unloading 17 unused Assets to reduce memory usage. Loaded Objects now: 2880.
Total: 2.597300 ms (FindLiveObjects: 0.241600 ms CreateObjectMapping: 0.096600 ms MarkObjects: 2.241000 ms  DeleteObjects: 0.016900 ms)

========================================================================
Received Prepare
Registering precompiled user dll's ...
Registered in 0.006437 seconds.
Begin MonoManager ReloadAssembly
Native extension for WindowsStandalone target not found
Native extension for WebGL target not found
Refreshing native plugins compatible for Editor in 0.72 ms, found 3 plugins.
Preloading 0 native plugins for Editor in 0.00 ms.
Mono: successfully reloaded assembly
- Completed reload, in  1.458 seconds
Platform modules already initialized, skipping
Refreshing native plugins compatible for Editor in 0.63 ms, found 3 plugins.
Preloading 0 native plugins for Editor in 0.00 ms.
Unloading 2265 Unused Serialized files (Serialized files now loaded: 0)
System memory in use before: 103.4 MB.
System memory in use after: 103.6 MB.

Unloading 17 unused Assets to reduce memory usage. Loaded Objects now: 2884.
Total: 4.727400 ms (FindLiveObjects: 0.487900 ms CreateObjectMapping: 0.206700 ms MarkObjects: 4.007600 ms  DeleteObjects: 0.023500 ms)

========================================================================
Received Prepare
Registering precompiled user dll's ...
Registered in 0.003309 seconds.
Begin MonoManager ReloadAssembly
Native extension for WindowsStandalone target not found
Native extension for WebGL target not found
Refreshing native plugins compatible for Editor in 0.74 ms, found 3 plugins.
Preloading 0 native plugins for Editor in 0.00 ms.
Mono: successfully reloaded assembly
- Completed reload, in  1.147 seconds
Platform modules already initialized, skipping
Refreshing native plugins compatible for Editor in 0.62 ms, found 3 plugins.
Preloading 0 native plugins for Editor in 0.00 ms.
Unloading 2265 Unused Serialized files (Serialized files now loaded: 0)
System memory in use before: 103.3 MB.
System memory in use after: 103.5 MB.

Unloading 17 unused Assets to reduce memory usage. Loaded Objects now: 2888.
Total: 3.071100 ms (FindLiveObjects: 0.260800 ms CreateObjectMapping: 0.083300 ms MarkObjects: 2.692900 ms  DeleteObjects: 0.033000 ms)

========================================================================
Received Import Request.
  Time since last request: 843.684929 seconds.
  path: Assets/Scenes/Inicio Juego/Logo.unity
  artifactKey: Guid(dcccaa5ac7eaecf46a8d249da31f2a47) Importer(815301076,1909f56bfc062723c751e8b465ee728b)
Start importing Assets/Scenes/Inicio Juego/Logo.unity using Guid(dcccaa5ac7eaecf46a8d249da31f2a47) Importer(815301076,1909f56bfc062723c751e8b465ee728b)  -> (artifact id: 'eea9a5c46248dca43fd3496804b09ff5') in 0.026587 seconds
  Import took 0.060274 seconds .

========================================================================
Received Prepare
Registering precompiled user dll's ...
Registered in 0.003866 seconds.
Begin MonoManager ReloadAssembly
Native extension for WindowsStandalone target not found
Native extension for WebGL target not found
Refreshing native plugins compatible for Editor in 0.51 ms, found 3 plugins.
Preloading 0 native plugins for Editor in 0.00 ms.
Mono: successfully reloaded assembly
- Completed reload, in  1.081 seconds
Platform modules already initialized, skipping
Refreshing native plugins compatible for Editor in 0.58 ms, found 3 plugins.
Preloading 0 native plugins for Editor in 0.00 ms.
Unloading 2265 Unused Serialized files (Serialized files now loaded: 0)
System memory in use before: 103.4 MB.
System memory in use after: 103.6 MB.

Unloading 17 unused Assets to reduce memory usage. Loaded Objects now: 2892.
Total: 2.297000 ms (FindLiveObjects: 0.234100 ms CreateObjectMapping: 0.077900 ms MarkObjects: 1.968500 ms  DeleteObjects: 0.015800 ms)

========================================================================
Received Import Request.
  Time since last request: 302.422963 seconds.
  path: Assets/Scenes/Niveles/Nivel2Exterior.unity
  artifactKey: Guid(a8eafbf046f5c5643b81f449637dbea1) Importer(815301076,1909f56bfc062723c751e8b465ee728b)
Start importing Assets/Scenes/Niveles/Nivel2Exterior.unity using Guid(a8eafbf046f5c5643b81f449637dbea1) Importer(815301076,1909f56bfc062723c751e8b465ee728b)  -> (artifact id: 'bd3cdfe57ce0cbd6dff65574835816b3') in 0.018060 seconds
  Import took 0.022648 seconds .

========================================================================
Received Import Request.
  Time since last request: 0.003153 seconds.
  path: Assets/Scenes/Niveles/Nivel2Exterior.unity
  artifactKey: Guid(a8eafbf046f5c5643b81f449637dbea1) Importer(815301076,1909f56bfc062723c751e8b465ee728b)
Start importing Assets/Scenes/Niveles/Nivel2Exterior.unity using Guid(a8eafbf046f5c5643b81f449637dbea1) Importer(815301076,1909f56bfc062723c751e8b465ee728b)  -> (artifact id: 'bd3cdfe57ce0cbd6dff65574835816b3') in 0.002512 seconds
  Import took 0.007718 seconds .

========================================================================
Received Prepare
Registering precompiled user dll's ...
Registered in 0.004399 seconds.
Begin MonoManager ReloadAssembly
Native extension for WindowsStandalone target not found
Native extension for WebGL target not found
Refreshing native plugins compatible for Editor in 0.61 ms, found 3 plugins.
Preloading 0 native plugins for Editor in 0.00 ms.
Mono: successfully reloaded assembly
- Completed reload, in  0.997 seconds
Platform modules already initialized, skipping
Refreshing native plugins compatible for Editor in 0.62 ms, found 3 plugins.
Preloading 0 native plugins for Editor in 0.00 ms.
Unloading 2265 Unused Serialized files (Serialized files now loaded: 0)
System memory in use before: 103.4 MB.
System memory in use after: 103.6 MB.

Unloading 17 unused Assets to reduce memory usage. Loaded Objects now: 2896.
Total: 2.569400 ms (FindLiveObjects: 0.234400 ms CreateObjectMapping: 0.098700 ms MarkObjects: 2.213300 ms  DeleteObjects: 0.021700 ms)

========================================================================
Received Prepare
Registering precompiled user dll's ...
Registered in 0.003701 seconds.
Begin MonoManager ReloadAssembly
Native extension for WindowsStandalone target not found
Native extension for WebGL target not found
Refreshing native plugins compatible for Editor in 0.69 ms, found 3 plugins.
Preloading 0 native plugins for Editor in 0.00 ms.
Mono: successfully reloaded assembly
- Completed reload, in  1.058 seconds
Platform modules already initialized, skipping
Refreshing native plugins compatible for Editor in 0.75 ms, found 3 plugins.
Preloading 0 native plugins for Editor in 0.00 ms.
Unloading 2265 Unused Serialized files (Serialized files now loaded: 0)
System memory in use before: 103.4 MB.
System memory in use after: 103.6 MB.

Unloading 17 unused Assets to reduce memory usage. Loaded Objects now: 2900.
Total: 2.761500 ms (FindLiveObjects: 0.224800 ms CreateObjectMapping: 0.107700 ms MarkObjects: 2.409900 ms  DeleteObjects: 0.018200 ms)

========================================================================
Received Prepare
Registering precompiled user dll's ...
Registered in 0.004390 seconds.
Begin MonoManager ReloadAssembly
Native extension for WindowsStandalone target not found
Native extension for WebGL target not found
Refreshing native plugins compatible for Editor in 0.80 ms, found 3 plugins.
Preloading 0 native plugins for Editor in 0.00 ms.
Mono: successfully reloaded assembly
- Completed reload, in  1.155 seconds
Platform modules already initialized, skipping
Refreshing native plugins compatible for Editor in 0.51 ms, found 3 plugins.
Preloading 0 native plugins for Editor in 0.00 ms.
Unloading 2265 Unused Serialized files (Serialized files now loaded: 0)
System memory in use before: 103.4 MB.
System memory in use after: 103.6 MB.

Unloading 17 unused Assets to reduce memory usage. Loaded Objects now: 2904.
Total: 2.458800 ms (FindLiveObjects: 0.231300 ms CreateObjectMapping: 0.104100 ms MarkObjects: 2.104700 ms  DeleteObjects: 0.017600 ms)

========================================================================
Received Prepare
Registering precompiled user dll's ...
Registered in 0.002807 seconds.
Begin MonoManager ReloadAssembly
Native extension for WindowsStandalone target not found
Native extension for WebGL target not found
Refreshing native plugins compatible for Editor in 0.58 ms, found 3 plugins.
Preloading 0 native plugins for Editor in 0.00 ms.
Mono: successfully reloaded assembly
- Completed reload, in  1.126 seconds
Platform modules already initialized, skipping
Refreshing native plugins compatible for Editor in 0.53 ms, found 3 plugins.
Preloading 0 native plugins for Editor in 0.00 ms.
Unloading 2265 Unused Serialized files (Serialized files now loaded: 0)
System memory in use before: 103.3 MB.
System memory in use after: 103.5 MB.

Unloading 17 unused Assets to reduce memory usage. Loaded Objects now: 2908.
Total: 2.896500 ms (FindLiveObjects: 0.240400 ms CreateObjectMapping: 0.157300 ms MarkObjects: 2.460500 ms  DeleteObjects: 0.037100 ms)

========================================================================
Received Prepare
Registering precompiled user dll's ...
Registered in 0.003430 seconds.
Begin MonoManager ReloadAssembly
Native extension for WindowsStandalone target not found
Native extension for WebGL target not found
Refreshing native plugins compatible for Editor in 0.59 ms, found 3 plugins.
Preloading 0 native plugins for Editor in 0.00 ms.
Mono: successfully reloaded assembly
- Completed reload, in  1.080 seconds
Platform modules already initialized, skipping
Refreshing native plugins compatible for Editor in 0.50 ms, found 3 plugins.
Preloading 0 native plugins for Editor in 0.00 ms.
Unloading 2265 Unused Serialized files (Serialized files now loaded: 0)
System memory in use before: 103.4 MB.
System memory in use after: 103.6 MB.

Unloading 17 unused Assets to reduce memory usage. Loaded Objects now: 2912.
Total: 2.747500 ms (FindLiveObjects: 0.299500 ms CreateObjectMapping: 0.094400 ms MarkObjects: 2.334700 ms  DeleteObjects: 0.017800 ms)

========================================================================
Received Prepare
Registering precompiled user dll's ...
Registered in 0.003302 seconds.
Begin MonoManager ReloadAssembly
Native extension for WindowsStandalone target not found
Native extension for WebGL target not found
Refreshing native plugins compatible for Editor in 0.74 ms, found 3 plugins.
Preloading 0 native plugins for Editor in 0.00 ms.
Mono: successfully reloaded assembly
- Completed reload, in  1.182 seconds
Platform modules already initialized, skipping
Refreshing native plugins compatible for Editor in 0.54 ms, found 3 plugins.
Preloading 0 native plugins for Editor in 0.00 ms.
Unloading 2265 Unused Serialized files (Serialized files now loaded: 0)
System memory in use before: 103.4 MB.
System memory in use after: 103.6 MB.

Unloading 17 unused Assets to reduce memory usage. Loaded Objects now: 2916.
Total: 2.492800 ms (FindLiveObjects: 0.246100 ms CreateObjectMapping: 0.096400 ms MarkObjects: 2.131500 ms  DeleteObjects: 0.017400 ms)

========================================================================
Received Prepare
Registering precompiled user dll's ...
Registered in 0.003377 seconds.
Begin MonoManager ReloadAssembly
Native extension for WindowsStandalone target not found
Native extension for WebGL target not found
Refreshing native plugins compatible for Editor in 0.50 ms, found 3 plugins.
Preloading 0 native plugins for Editor in 0.00 ms.
Mono: successfully reloaded assembly
- Completed reload, in  0.952 seconds
Platform modules already initialized, skipping
Refreshing native plugins compatible for Editor in 0.53 ms, found 3 plugins.
Preloading 0 native plugins for Editor in 0.00 ms.
Unloading 2265 Unused Serialized files (Serialized files now loaded: 0)
System memory in use before: 103.4 MB.
System memory in use after: 103.7 MB.

Unloading 17 unused Assets to reduce memory usage. Loaded Objects now: 2920.
Total: 3.101800 ms (FindLiveObjects: 0.248400 ms CreateObjectMapping: 0.101500 ms MarkObjects: 2.711400 ms  DeleteObjects: 0.039500 ms)

========================================================================
Received Prepare
Registering precompiled user dll's ...
Registered in 0.003649 seconds.
Begin MonoManager ReloadAssembly
Native extension for WindowsStandalone target not found
Native extension for WebGL target not found
Refreshing native plugins compatible for Editor in 0.76 ms, found 3 plugins.
Preloading 0 native plugins for Editor in 0.00 ms.
Mono: successfully reloaded assembly
- Completed reload, in  1.156 seconds
Platform modules already initialized, skipping
Refreshing native plugins compatible for Editor in 0.54 ms, found 3 plugins.
Preloading 0 native plugins for Editor in 0.00 ms.
Unloading 2265 Unused Serialized files (Serialized files now loaded: 0)
System memory in use before: 103.4 MB.
System memory in use after: 103.7 MB.

Unloading 17 unused Assets to reduce memory usage. Loaded Objects now: 2924.
Total: 2.276000 ms (FindLiveObjects: 0.228600 ms CreateObjectMapping: 0.099500 ms MarkObjects: 1.929400 ms  DeleteObjects: 0.017400 ms)

========================================================================
Received Prepare
Registering precompiled user dll's ...
Registered in 0.003881 seconds.
Begin MonoManager ReloadAssembly
Native extension for WindowsStandalone target not found
Native extension for WebGL target not found
Refreshing native plugins compatible for Editor in 0.51 ms, found 3 plugins.
Preloading 0 native plugins for Editor in 0.00 ms.
Mono: successfully reloaded assembly
- Completed reload, in  0.983 seconds
Platform modules already initialized, skipping
Refreshing native plugins compatible for Editor in 0.61 ms, found 3 plugins.
Preloading 0 native plugins for Editor in 0.00 ms.
Unloading 2265 Unused Serialized files (Serialized files now loaded: 0)
System memory in use before: 103.4 MB.
System memory in use after: 103.6 MB.

Unloading 17 unused Assets to reduce memory usage. Loaded Objects now: 2928.
Total: 2.593400 ms (FindLiveObjects: 0.255400 ms CreateObjectMapping: 0.090200 ms MarkObjects: 2.203800 ms  DeleteObjects: 0.043000 ms)

========================================================================
Received Prepare
Registering precompiled user dll's ...
Registered in 0.003427 seconds.
Begin MonoManager ReloadAssembly
Native extension for WindowsStandalone target not found
Native extension for WebGL target not found
Refreshing native plugins compatible for Editor in 0.68 ms, found 3 plugins.
Preloading 0 native plugins for Editor in 0.00 ms.
Mono: successfully reloaded assembly
- Completed reload, in  1.084 seconds
Platform modules already initialized, skipping
Refreshing native plugins compatible for Editor in 0.53 ms, found 3 plugins.
Preloading 0 native plugins for Editor in 0.00 ms.
Unloading 2265 Unused Serialized files (Serialized files now loaded: 0)
System memory in use before: 103.5 MB.
System memory in use after: 103.7 MB.

Unloading 17 unused Assets to reduce memory usage. Loaded Objects now: 2932.
Total: 2.487600 ms (FindLiveObjects: 0.227000 ms CreateObjectMapping: 0.094700 ms MarkObjects: 2.147200 ms  DeleteObjects: 0.017600 ms)

========================================================================
Received Prepare
Registering precompiled user dll's ...
Registered in 0.003206 seconds.
Begin MonoManager ReloadAssembly
Native extension for WindowsStandalone target not found
Native extension for WebGL target not found
Refreshing native plugins compatible for Editor in 0.51 ms, found 3 plugins.
Preloading 0 native plugins for Editor in 0.00 ms.
Mono: successfully reloaded assembly
- Completed reload, in  1.207 seconds
Platform modules already initialized, skipping
Refreshing native plugins compatible for Editor in 0.69 ms, found 3 plugins.
Preloading 0 native plugins for Editor in 0.00 ms.
Unloading 2265 Unused Serialized files (Serialized files now loaded: 0)
System memory in use before: 103.5 MB.
System memory in use after: 103.7 MB.

Unloading 17 unused Assets to reduce memory usage. Loaded Objects now: 2936.
Total: 2.265700 ms (FindLiveObjects: 0.245000 ms CreateObjectMapping: 0.091100 ms MarkObjects: 1.911400 ms  DeleteObjects: 0.017300 ms)

========================================================================
Received Prepare
Registering precompiled user dll's ...
Registered in 0.002805 seconds.
Begin MonoManager ReloadAssembly
Native extension for WindowsStandalone target not found
Native extension for WebGL target not found
Refreshing native plugins compatible for Editor in 0.52 ms, found 3 plugins.
Preloading 0 native plugins for Editor in 0.00 ms.
Mono: successfully reloaded assembly
- Completed reload, in  1.069 seconds
Platform modules already initialized, skipping
Refreshing native plugins compatible for Editor in 0.50 ms, found 3 plugins.
Preloading 0 native plugins for Editor in 0.00 ms.
Unloading 2265 Unused Serialized files (Serialized files now loaded: 0)
System memory in use before: 103.5 MB.
System memory in use after: 103.7 MB.

Unloading 17 unused Assets to reduce memory usage. Loaded Objects now: 2940.
Total: 2.771800 ms (FindLiveObjects: 0.301100 ms CreateObjectMapping: 0.094200 ms MarkObjects: 2.356000 ms  DeleteObjects: 0.019500 ms)

========================================================================
Received Prepare
Registering precompiled user dll's ...
Registered in 0.002707 seconds.
Begin MonoManager ReloadAssembly
Native extension for WindowsStandalone target not found
Native extension for WebGL target not found
Refreshing native plugins compatible for Editor in 0.53 ms, found 3 plugins.
Preloading 0 native plugins for Editor in 0.00 ms.
Mono: successfully reloaded assembly
- Completed reload, in  0.939 seconds
Platform modules already initialized, skipping
Refreshing native plugins compatible for Editor in 0.60 ms, found 3 plugins.
Preloading 0 native plugins for Editor in 0.00 ms.
Unloading 2265 Unused Serialized files (Serialized files now loaded: 0)
System memory in use before: 103.5 MB.
System memory in use after: 103.7 MB.

Unloading 17 unused Assets to reduce memory usage. Loaded Objects now: 2944.
Total: 4.607200 ms (FindLiveObjects: 0.277800 ms CreateObjectMapping: 0.199500 ms MarkObjects: 4.078400 ms  DeleteObjects: 0.049700 ms)

========================================================================
Received Prepare
Registering precompiled user dll's ...
Registered in 0.002837 seconds.
Begin MonoManager ReloadAssembly
Native extension for WindowsStandalone target not found
Native extension for WebGL target not found
Refreshing native plugins compatible for Editor in 0.52 ms, found 3 plugins.
Preloading 0 native plugins for Editor in 0.00 ms.
Mono: successfully reloaded assembly
- Completed reload, in  1.162 seconds
Platform modules already initialized, skipping
Refreshing native plugins compatible for Editor in 0.56 ms, found 3 plugins.
Preloading 0 native plugins for Editor in 0.00 ms.
Unloading 2265 Unused Serialized files (Serialized files now loaded: 0)
System memory in use before: 103.4 MB.
System memory in use after: 103.6 MB.

Unloading 17 unused Assets to reduce memory usage. Loaded Objects now: 2948.
Total: 2.270000 ms (FindLiveObjects: 0.247700 ms CreateObjectMapping: 0.094000 ms MarkObjects: 1.904000 ms  DeleteObjects: 0.022800 ms)

========================================================================
Received Prepare
Registering precompiled user dll's ...
Registered in 0.003005 seconds.
Begin MonoManager ReloadAssembly
Native extension for WindowsStandalone target not found
Native extension for WebGL target not found
Refreshing native plugins compatible for Editor in 0.54 ms, found 3 plugins.
Preloading 0 native plugins for Editor in 0.00 ms.
Mono: successfully reloaded assembly
- Completed reload, in  1.084 seconds
Platform modules already initialized, skipping
Refreshing native plugins compatible for Editor in 0.54 ms, found 3 plugins.
Preloading 0 native plugins for Editor in 0.00 ms.
Unloading 2265 Unused Serialized files (Serialized files now loaded: 0)
System memory in use before: 103.5 MB.
System memory in use after: 103.7 MB.

Unloading 17 unused Assets to reduce memory usage. Loaded Objects now: 2952.
Total: 2.782200 ms (FindLiveObjects: 0.292300 ms CreateObjectMapping: 0.098900 ms MarkObjects: 2.370500 ms  DeleteObjects: 0.019500 ms)

========================================================================
Received Prepare
Registering precompiled user dll's ...
Registered in 0.003696 seconds.
Begin MonoManager ReloadAssembly
Native extension for WindowsStandalone target not found
Native extension for WebGL target not found
Refreshing native plugins compatible for Editor in 0.47 ms, found 3 plugins.
Preloading 0 native plugins for Editor in 0.00 ms.
Mono: successfully reloaded assembly
- Completed reload, in  0.991 seconds
Platform modules already initialized, skipping
Refreshing native plugins compatible for Editor in 0.55 ms, found 3 plugins.
Preloading 0 native plugins for Editor in 0.00 ms.
Unloading 2265 Unused Serialized files (Serialized files now loaded: 0)
System memory in use before: 103.5 MB.
System memory in use after: 103.7 MB.

Unloading 17 unused Assets to reduce memory usage. Loaded Objects now: 2956.
Total: 2.627300 ms (FindLiveObjects: 0.399600 ms CreateObjectMapping: 0.093600 ms MarkObjects: 2.116300 ms  DeleteObjects: 0.016700 ms)

